app/build/intermediates/manifest_merge_blame_file/debug/manifest-merger-blame-debug-report.txt
1<?xml version="1.0" encoding="utf-8"?>
2<manifest xmlns:android="http://schemas.android.com/apk/res/android"
3    package="com.codepath.apps.restclienttemplate"
4    android:versionCode="1"
5    android:versionName="1.0" >
6
7    <uses-sdk
8        android:minSdkVersion="21"
8-->src\main\AndroidManifest.xml
9        android:targetSdkVersion="28" />
9-->src\main\AndroidManifest.xml
10
11    <uses-permission android:name="android.permission.WRITE_EXTERNAL_STORAGE" />
11-->src\main\AndroidManifest.xml:6:5-81
11-->src\main\AndroidManifest.xml:6:22-78
12    <uses-permission android:name="android.permission.INTERNET" />
12-->src\main\AndroidManifest.xml:8:5-67
12-->src\main\AndroidManifest.xml:8:22-64
13
14    <application
14-->src\main\AndroidManifest.xml:10:5-38:19
15        android:name="com.tweeter.assignment.TwitterApp"
15-->src\main\AndroidManifest.xml:11:9-57
16        android:allowBackup="true"
16-->src\main\AndroidManifest.xml:12:9-35
17        android:appComponentFactory="androidx.core.app.CoreComponentFactory"
17-->[androidx.core:core:1.5.0] AndroidManifest.xml:24:18-86
18        android:debuggable="true"
19        android:icon="@drawable/ic_launcher"
19-->src\main\AndroidManifest.xml:13:9-45
20        android:label="@string/app_name"
20-->src\main\AndroidManifest.xml:14:9-41
21        android:testOnly="true"
22        android:theme="@style/AppTheme" >
22-->src\main\AndroidManifest.xml:15:9-40
23        <activity
23-->src\main\AndroidManifest.xml:16:9-35:20
24            android:name="com.tweeter.assignment.LoginActivity"
24-->src\main\AndroidManifest.xml:17:13-64
25            android:label="@string/app_name"
25-->src\main\AndroidManifest.xml:18:13-45
26            android:theme="@style/AppTheme" >
26-->src\main\AndroidManifest.xml:19:13-44
27            <intent-filter>
27-->src\main\AndroidManifest.xml:20:13-24:29
28                <action android:name="android.intent.action.MAIN" />
28-->src\main\AndroidManifest.xml:21:17-69
28-->src\main\AndroidManifest.xml:21:25-66
29
30                <category android:name="android.intent.category.LAUNCHER" />
30-->src\main\AndroidManifest.xml:23:17-77
30-->src\main\AndroidManifest.xml:23:27-74
31            </intent-filter>
32            <intent-filter>
32-->src\main\AndroidManifest.xml:25:13-34:29
33                <action android:name="android.intent.action.VIEW" />
33-->src\main\AndroidManifest.xml:26:17-69
33-->src\main\AndroidManifest.xml:26:25-66
34
35                <category android:name="android.intent.category.DEFAULT" />
35-->src\main\AndroidManifest.xml:28:17-76
35-->src\main\AndroidManifest.xml:28:27-73
36                <category android:name="android.intent.category.BROWSABLE" />
36-->src\main\AndroidManifest.xml:29:17-78
36-->src\main\AndroidManifest.xml:29:27-75
37
38                <data
38-->src\main\AndroidManifest.xml:31:17-33:62
39                    android:host="@string/intent_host"
39-->src\main\AndroidManifest.xml:32:21-55
40                    android:scheme="@string/intent_scheme" />
40-->src\main\AndroidManifest.xml:33:21-59
41            </intent-filter>
42        </activity>
43        <activity android:name="com.tweeter.assignment.TimelineActivity" />
43-->src\main\AndroidManifest.xml:36:9-76
43-->src\main\AndroidManifest.xml:36:19-73
44        <activity android:name="com.tweeter.assignment.ComposeActivity" />
44-->src\main\AndroidManifest.xml:37:9-75
44-->src\main\AndroidManifest.xml:37:19-72
45
46        <service
46-->[androidx.room:room-runtime:2.3.0] AndroidManifest.xml:25:9-28:40
47            android:name="androidx.room.MultiInstanceInvalidationService"
47-->[androidx.room:room-runtime:2.3.0] AndroidManifest.xml:26:13-74
48            android:directBootAware="true"
48-->[androidx.room:room-runtime:2.3.0] AndroidManifest.xml:27:13-43
49            android:exported="false" />
49-->[androidx.room:room-runtime:2.3.0] AndroidManifest.xml:28:13-37
50    </application>
51
52</manifest>